[2025-06-25 17:02:40] [INFO ] org.springframework.test.context.support.DefaultTestContextBootstrapper - Loaded default TestExecutionListener class names from location [META-INF/spring.factories]: [org.springframework.test.context.web.ServletTestExecutionListener, org.springframework.test.context.support.DirtiesContextBeforeModesTestExecutionListener, org.springframework.test.context.event.ApplicationEventsTestExecutionListener, org.springframework.test.context.support.DependencyInjectionTestExecutionListener, org.springframework.test.context.support.DirtiesContextTestExecutionListener, org.springframework.test.context.transaction.TransactionalTestExecutionListener, org.springframework.test.context.jdbc.SqlScriptsTestExecutionListener, org.springframework.test.context.event.EventPublishingTestExecutionListener]
[2025-06-25 17:02:40] [INFO ] org.springframework.test.context.support.DefaultTestContextBootstrapper - Using TestExecutionListeners: [org.springframework.test.context.web.ServletTestExecutionListener@27d5a580, org.springframework.test.context.support.DirtiesContextBeforeModesTestExecutionListener@198d6542, org.springframework.test.context.event.ApplicationEventsTestExecutionListener@5e403b4a, org.springframework.test.context.support.DependencyInjectionTestExecutionListener@5117dd67, org.springframework.test.context.support.DirtiesContextTestExecutionListener@5be49b60, org.springframework.test.context.transaction.TransactionalTestExecutionListener@2931522b, org.springframework.test.context.jdbc.SqlScriptsTestExecutionListener@7674b62c, org.springframework.test.context.event.EventPublishingTestExecutionListener@19e7a160]
[2025-06-25 17:02:41] [DEBUG] com.pcwk.ehr.Asyn.AsynController - ┌──────────────────────────────────────┐
[2025-06-25 17:02:41] [DEBUG] com.pcwk.ehr.Asyn.AsynController - │ AsynController()                     │
[2025-06-25 17:02:41] [DEBUG] com.pcwk.ehr.Asyn.AsynController - └──────────────────────────────────────┘
[2025-06-25 17:02:41] [DEBUG] com.pcwk.ehr.cmn.PLog - ┌─────────────────────────────────────────────────────────┐
[2025-06-25 17:02:41] [DEBUG] com.pcwk.ehr.cmn.PLog - │ UserController()                                        │
[2025-06-25 17:02:41] [DEBUG] com.pcwk.ehr.cmn.PLog - └─────────────────────────────────────────────────────────┘
[2025-06-25 17:02:41] [DEBUG] com.pcwk.ehr.UserDaoTest - context:org.springframework.context.support.GenericApplicationContext@455b6df1, started on Wed Jun 25 17:02:40 KST 2025
[2025-06-25 17:02:41] [DEBUG] com.pcwk.ehr.mapper.UserMapper.deleteAll - ==>  Preparing: DELETE FROM member
[2025-06-25 17:02:41] [DEBUG] com.pcwk.ehr.mapper.UserMapper.deleteAll - ==> Parameters: 
[2025-06-25 17:02:41] [DEBUG] com.pcwk.ehr.mapper.UserMapper.deleteAll - <==    Updates: 1
[2025-06-25 17:02:41] [DEBUG] com.pcwk.ehr.mapper.UserMapper.saveAll - ==>  Preparing: INSERT INTO member SELECT 'jamesol' || level AS user_id, '이상무' || level AS name, '4321_' || level AS password, MOD(level,10) AS login, MOD(level,2) AS recommend, DECODE( MOD(level,3),0,3,MOD(level,3)) AS grade, 'jamesol@paran.com9' AS email, SYSDATE - level AS reg_dt FROM dual CONNECT BY LEVEL <=502
[2025-06-25 17:02:41] [DEBUG] com.pcwk.ehr.mapper.UserMapper.saveAll - ==> Parameters: 
[2025-06-25 17:02:41] [DEBUG] com.pcwk.ehr.mapper.UserMapper.saveAll - <==    Updates: 502
[2025-06-25 17:02:41] [DEBUG] com.pcwk.ehr.UserDaoTest - count:502
[2025-06-25 17:02:41] [DEBUG] com.pcwk.ehr.mapper.UserMapper.doRetrieve - ==>  Preparing: SELECT A.*,B.* FROM ( SELECT tt3.RNUM AS no, tt3.user_id, tt3.name, tt3.password, tt3.login, tt3.recommend, DECODE(tt3.grade,1,'BASIC', 2,'SILVER',3,'GOLD','Unknown value') AS grade, tt3.email, TO_CHAR(tt3.reg_dt,'YYYY/MM/DD HH24:MI:SS') AS reg_dt FROM ( SELECT ROWNUM as RNUM, tt2.* FROM( SELECT t1.* FROM member t1 ORDER BY t1.reg_dt DESC )tt2 WHERE ROWNUM <= ( ? * (? - 1 ) + ? ) )tt3 WHERE RNUM >= ( ? * (? - 1 ) + 1 ) )A CROSS JOIN ( SELECT COUNT(*) AS total_cnt FROM member )B
[2025-06-25 17:02:41] [DEBUG] com.pcwk.ehr.mapper.UserMapper.doRetrieve - ==> Parameters: 10(Integer), 1(Integer), 10(Integer), 10(Integer), 1(Integer)
[2025-06-25 17:02:41] [DEBUG] com.pcwk.ehr.mapper.UserMapper.doRetrieve - <==      Total: 10
[2025-06-25 17:02:41] [DEBUG] com.pcwk.ehr.UserDaoTest - UserDTO [userId=jamesol1, name=이상무1, password=4321_1, regDt=2025/06/24 17:02:41, login=1, recommend=1, grade=BASIC, email=jamesol@paran.com9, toString()=DTO [no=1, totalCnt=502, pageSize=0, pageNo=0]]
[2025-06-25 17:02:41] [DEBUG] com.pcwk.ehr.UserDaoTest - UserDTO [userId=jamesol2, name=이상무2, password=4321_2, regDt=2025/06/23 17:02:41, login=2, recommend=0, grade=SILVER, email=jamesol@paran.com9, toString()=DTO [no=2, totalCnt=502, pageSize=0, pageNo=0]]
[2025-06-25 17:02:41] [DEBUG] com.pcwk.ehr.UserDaoTest - UserDTO [userId=jamesol3, name=이상무3, password=4321_3, regDt=2025/06/22 17:02:41, login=3, recommend=1, grade=GOLD, email=jamesol@paran.com9, toString()=DTO [no=3, totalCnt=502, pageSize=0, pageNo=0]]
[2025-06-25 17:02:41] [DEBUG] com.pcwk.ehr.UserDaoTest - UserDTO [userId=jamesol4, name=이상무4, password=4321_4, regDt=2025/06/21 17:02:41, login=4, recommend=0, grade=BASIC, email=jamesol@paran.com9, toString()=DTO [no=4, totalCnt=502, pageSize=0, pageNo=0]]
[2025-06-25 17:02:41] [DEBUG] com.pcwk.ehr.UserDaoTest - UserDTO [userId=jamesol5, name=이상무5, password=4321_5, regDt=2025/06/20 17:02:41, login=5, recommend=1, grade=SILVER, email=jamesol@paran.com9, toString()=DTO [no=5, totalCnt=502, pageSize=0, pageNo=0]]
[2025-06-25 17:02:41] [DEBUG] com.pcwk.ehr.UserDaoTest - UserDTO [userId=jamesol6, name=이상무6, password=4321_6, regDt=2025/06/19 17:02:41, login=6, recommend=0, grade=GOLD, email=jamesol@paran.com9, toString()=DTO [no=6, totalCnt=502, pageSize=0, pageNo=0]]
[2025-06-25 17:02:41] [DEBUG] com.pcwk.ehr.UserDaoTest - UserDTO [userId=jamesol7, name=이상무7, password=4321_7, regDt=2025/06/18 17:02:41, login=7, recommend=1, grade=BASIC, email=jamesol@paran.com9, toString()=DTO [no=7, totalCnt=502, pageSize=0, pageNo=0]]
[2025-06-25 17:02:41] [DEBUG] com.pcwk.ehr.UserDaoTest - UserDTO [userId=jamesol8, name=이상무8, password=4321_8, regDt=2025/06/17 17:02:41, login=8, recommend=0, grade=SILVER, email=jamesol@paran.com9, toString()=DTO [no=8, totalCnt=502, pageSize=0, pageNo=0]]
[2025-06-25 17:02:41] [DEBUG] com.pcwk.ehr.UserDaoTest - UserDTO [userId=jamesol9, name=이상무9, password=4321_9, regDt=2025/06/16 17:02:41, login=9, recommend=1, grade=GOLD, email=jamesol@paran.com9, toString()=DTO [no=9, totalCnt=502, pageSize=0, pageNo=0]]
[2025-06-25 17:02:41] [DEBUG] com.pcwk.ehr.UserDaoTest - UserDTO [userId=jamesol10, name=이상무10, password=4321_10, regDt=2025/06/15 17:02:41, login=0, recommend=0, grade=BASIC, email=jamesol@paran.com9, toString()=DTO [no=10, totalCnt=502, pageSize=0, pageNo=0]]
[2025-06-25 17:02:41] [DEBUG] com.pcwk.ehr.UserDaoTest - ***************************
[2025-06-25 17:02:41] [DEBUG] com.pcwk.ehr.UserDaoTest - @After
[2025-06-25 17:02:41] [DEBUG] com.pcwk.ehr.UserDaoTest - ***************************
[2025-06-25 17:02:41] [DEBUG] com.pcwk.ehr.UserDaoTest - context:org.springframework.context.support.GenericApplicationContext@455b6df1, started on Wed Jun 25 17:02:40 KST 2025
[2025-06-25 17:02:41] [DEBUG] com.pcwk.ehr.mapper.UserMapper.deleteAll - ==>  Preparing: DELETE FROM member
[2025-06-25 17:02:41] [DEBUG] com.pcwk.ehr.mapper.UserMapper.deleteAll - ==> Parameters: 
[2025-06-25 17:02:41] [DEBUG] com.pcwk.ehr.mapper.UserMapper.deleteAll - <==    Updates: 502
[2025-06-25 17:02:41] [DEBUG] com.pcwk.ehr.mapper.UserMapper.doSave - ==>  Preparing: INSERT INTO member ( user_id, name, password, login, recommend, grade, email, reg_dt ) VALUES ( ?, ?, ?, ?, ?, DECODE( ? ,'BASIC',1 ,'SILVER',2 ,'GOLD',3), ?, SYSDATE )
[2025-06-25 17:02:41] [DEBUG] com.pcwk.ehr.mapper.UserMapper.doSave - ==> Parameters: pcwk01(String), 이상무01(String), 4321(String), 0(Integer), 0(Integer), BASIC(String), dlqud357@gmail.com(String)
[2025-06-25 17:02:41] [DEBUG] com.pcwk.ehr.mapper.UserMapper.doSave - <==    Updates: 1
[2025-06-25 17:02:41] [DEBUG] com.pcwk.ehr.mapper.UserMapper.getCount - ==>  Preparing: SELECT COUNT(*) AS totalCnt FROM member
[2025-06-25 17:02:41] [DEBUG] com.pcwk.ehr.mapper.UserMapper.getCount - ==> Parameters: 
[2025-06-25 17:02:41] [DEBUG] com.pcwk.ehr.mapper.UserMapper.getCount - <==      Total: 1
[2025-06-25 17:02:41] [DEBUG] com.pcwk.ehr.mapper.UserMapper.doSave - ==>  Preparing: INSERT INTO member ( user_id, name, password, login, recommend, grade, email, reg_dt ) VALUES ( ?, ?, ?, ?, ?, DECODE( ? ,'BASIC',1 ,'SILVER',2 ,'GOLD',3), ?, SYSDATE )
[2025-06-25 17:02:41] [DEBUG] com.pcwk.ehr.mapper.UserMapper.doSave - ==> Parameters: pcwk02(String), 이상무02(String), 4321a(String), 55(Integer), 10(Integer), SILVER(String), dlqud357@gmail.com(String)
[2025-06-25 17:02:41] [DEBUG] com.pcwk.ehr.mapper.UserMapper.doSave - <==    Updates: 1
[2025-06-25 17:02:41] [DEBUG] com.pcwk.ehr.mapper.UserMapper.getCount - ==>  Preparing: SELECT COUNT(*) AS totalCnt FROM member
[2025-06-25 17:02:41] [DEBUG] com.pcwk.ehr.mapper.UserMapper.getCount - ==> Parameters: 
[2025-06-25 17:02:41] [DEBUG] com.pcwk.ehr.mapper.UserMapper.getCount - <==      Total: 1
[2025-06-25 17:02:41] [DEBUG] com.pcwk.ehr.mapper.UserMapper.doSave - ==>  Preparing: INSERT INTO member ( user_id, name, password, login, recommend, grade, email, reg_dt ) VALUES ( ?, ?, ?, ?, ?, DECODE( ? ,'BASIC',1 ,'SILVER',2 ,'GOLD',3), ?, SYSDATE )
[2025-06-25 17:02:41] [DEBUG] com.pcwk.ehr.mapper.UserMapper.doSave - ==> Parameters: pcwk03(String), 이상무03(String), 4321a(String), 100(Integer), 40(Integer), GOLD(String), dlqud357@gmail.com(String)
[2025-06-25 17:02:41] [DEBUG] com.pcwk.ehr.mapper.UserMapper.doSave - <==    Updates: 1
[2025-06-25 17:02:41] [DEBUG] com.pcwk.ehr.mapper.UserMapper.getCount - ==>  Preparing: SELECT COUNT(*) AS totalCnt FROM member
[2025-06-25 17:02:41] [DEBUG] com.pcwk.ehr.mapper.UserMapper.getCount - ==> Parameters: 
[2025-06-25 17:02:41] [DEBUG] com.pcwk.ehr.mapper.UserMapper.getCount - <==      Total: 1
[2025-06-25 17:02:41] [DEBUG] com.pcwk.ehr.mapper.UserMapper.getAll - ==>  Preparing: SELECT user_id, name, password, login, recommend, DECODE(grade,1,'BASIC', 2,'SILVER',3,'GOLD','Unknown value') AS grade, email, TO_CHAR(reg_dt,'YYYY/MM/DD HH24:MI:SS') AS regDt FROM member ORDER BY user_id
[2025-06-25 17:02:41] [DEBUG] com.pcwk.ehr.mapper.UserMapper.getAll - ==> Parameters: 
[2025-06-25 17:02:41] [DEBUG] com.pcwk.ehr.mapper.UserMapper.getAll - <==      Total: 3
[2025-06-25 17:02:41] [DEBUG] com.pcwk.ehr.UserDaoTest - UserDTO [userId=pcwk01, name=이상무01, password=4321, regDt=2025/06/25 17:02:41, login=0, recommend=0, grade=BASIC, email=dlqud357@gmail.com, toString()=DTO [no=0, totalCnt=0, pageSize=0, pageNo=0]]
[2025-06-25 17:02:41] [DEBUG] com.pcwk.ehr.UserDaoTest - UserDTO [userId=pcwk02, name=이상무02, password=4321a, regDt=2025/06/25 17:02:41, login=55, recommend=10, grade=SILVER, email=dlqud357@gmail.com, toString()=DTO [no=0, totalCnt=0, pageSize=0, pageNo=0]]
[2025-06-25 17:02:41] [DEBUG] com.pcwk.ehr.UserDaoTest - UserDTO [userId=pcwk03, name=이상무03, password=4321a, regDt=2025/06/25 17:02:41, login=100, recommend=40, grade=GOLD, email=dlqud357@gmail.com, toString()=DTO [no=0, totalCnt=0, pageSize=0, pageNo=0]]
[2025-06-25 17:02:41] [DEBUG] com.pcwk.ehr.UserDaoTest - ***************************
[2025-06-25 17:02:41] [DEBUG] com.pcwk.ehr.UserDaoTest - @After
[2025-06-25 17:02:41] [DEBUG] com.pcwk.ehr.UserDaoTest - ***************************
[2025-06-25 17:02:41] [DEBUG] com.pcwk.ehr.UserDaoTest - context:org.springframework.context.support.GenericApplicationContext@455b6df1, started on Wed Jun 25 17:02:40 KST 2025
[2025-06-25 17:02:41] [DEBUG] com.pcwk.ehr.mapper.UserMapper.deleteAll - ==>  Preparing: DELETE FROM member
[2025-06-25 17:02:41] [DEBUG] com.pcwk.ehr.mapper.UserMapper.deleteAll - ==> Parameters: 
[2025-06-25 17:02:41] [DEBUG] com.pcwk.ehr.mapper.UserMapper.deleteAll - <==    Updates: 3
[2025-06-25 17:02:41] [DEBUG] com.pcwk.ehr.mapper.UserMapper.doSave - ==>  Preparing: INSERT INTO member ( user_id, name, password, login, recommend, grade, email, reg_dt ) VALUES ( ?, ?, ?, ?, ?, DECODE( ? ,'BASIC',1 ,'SILVER',2 ,'GOLD',3), ?, SYSDATE )
[2025-06-25 17:02:41] [DEBUG] com.pcwk.ehr.mapper.UserMapper.doSave - ==> Parameters: pcwk01(String), 이상무01(String), 4321(String), 0(Integer), 0(Integer), BASIC(String), dlqud357@gmail.com(String)
[2025-06-25 17:02:41] [DEBUG] com.pcwk.ehr.mapper.UserMapper.doSave - <==    Updates: 1
[2025-06-25 17:02:41] [DEBUG] com.pcwk.ehr.mapper.UserMapper.getCount - ==>  Preparing: SELECT COUNT(*) AS totalCnt FROM member
[2025-06-25 17:02:41] [DEBUG] com.pcwk.ehr.mapper.UserMapper.getCount - ==> Parameters: 
[2025-06-25 17:02:41] [DEBUG] com.pcwk.ehr.mapper.UserMapper.getCount - <==      Total: 1
[2025-06-25 17:02:41] [DEBUG] com.pcwk.ehr.mapper.UserMapper.doDelete - ==>  Preparing: DELETE FROM member WHERE user_id = ?
[2025-06-25 17:02:41] [DEBUG] com.pcwk.ehr.mapper.UserMapper.doDelete - ==> Parameters: pcwk01(String)
[2025-06-25 17:02:41] [DEBUG] com.pcwk.ehr.mapper.UserMapper.doDelete - <==    Updates: 1
[2025-06-25 17:02:41] [DEBUG] com.pcwk.ehr.mapper.UserMapper.getCount - ==>  Preparing: SELECT COUNT(*) AS totalCnt FROM member
[2025-06-25 17:02:41] [DEBUG] com.pcwk.ehr.mapper.UserMapper.getCount - ==> Parameters: 
[2025-06-25 17:02:41] [DEBUG] com.pcwk.ehr.mapper.UserMapper.getCount - <==      Total: 1
[2025-06-25 17:02:41] [DEBUG] com.pcwk.ehr.UserDaoTest - ***************************
[2025-06-25 17:02:41] [DEBUG] com.pcwk.ehr.UserDaoTest - @After
[2025-06-25 17:02:41] [DEBUG] com.pcwk.ehr.UserDaoTest - ***************************
[2025-06-25 17:02:41] [DEBUG] com.pcwk.ehr.UserDaoTest - context:org.springframework.context.support.GenericApplicationContext@455b6df1, started on Wed Jun 25 17:02:40 KST 2025
[2025-06-25 17:02:41] [DEBUG] com.pcwk.ehr.UserDaoTest - org.springframework.context.support.GenericApplicationContext@455b6df1, started on Wed Jun 25 17:02:40 KST 2025
[2025-06-25 17:02:41] [DEBUG] com.pcwk.ehr.UserDaoTest - org.apache.ibatis.binding.MapperProxy@1c7350b0
[2025-06-25 17:02:41] [DEBUG] com.pcwk.ehr.UserDaoTest - ***************************
[2025-06-25 17:02:41] [DEBUG] com.pcwk.ehr.UserDaoTest - @After
[2025-06-25 17:02:41] [DEBUG] com.pcwk.ehr.UserDaoTest - ***************************
[2025-06-25 17:02:41] [DEBUG] com.pcwk.ehr.UserDaoTest - context:org.springframework.context.support.GenericApplicationContext@455b6df1, started on Wed Jun 25 17:02:40 KST 2025
[2025-06-25 17:02:41] [DEBUG] com.pcwk.ehr.mapper.UserMapper.deleteAll - ==>  Preparing: DELETE FROM member
[2025-06-25 17:02:41] [DEBUG] com.pcwk.ehr.mapper.UserMapper.deleteAll - ==> Parameters: 
[2025-06-25 17:02:41] [DEBUG] com.pcwk.ehr.mapper.UserMapper.deleteAll - <==    Updates: 0
[2025-06-25 17:02:41] [DEBUG] com.pcwk.ehr.mapper.UserMapper.doSave - ==>  Preparing: INSERT INTO member ( user_id, name, password, login, recommend, grade, email, reg_dt ) VALUES ( ?, ?, ?, ?, ?, DECODE( ? ,'BASIC',1 ,'SILVER',2 ,'GOLD',3), ?, SYSDATE )
[2025-06-25 17:02:41] [DEBUG] com.pcwk.ehr.mapper.UserMapper.doSave - ==> Parameters: pcwk01(String), 이상무01(String), 4321(String), 0(Integer), 0(Integer), BASIC(String), dlqud357@gmail.com(String)
[2025-06-25 17:02:41] [DEBUG] com.pcwk.ehr.mapper.UserMapper.doSave - <==    Updates: 1
[2025-06-25 17:02:41] [DEBUG] com.pcwk.ehr.mapper.UserMapper.getCount - ==>  Preparing: SELECT COUNT(*) AS totalCnt FROM member
[2025-06-25 17:02:41] [DEBUG] com.pcwk.ehr.mapper.UserMapper.getCount - ==> Parameters: 
[2025-06-25 17:02:41] [DEBUG] com.pcwk.ehr.mapper.UserMapper.getCount - <==      Total: 1
[2025-06-25 17:02:41] [DEBUG] com.pcwk.ehr.mapper.UserMapper.doSelectOne - ==>  Preparing: SELECT user_id, name, password, login, recommend, DECODE(grade,1,'BASIC', 2,'SILVER',3,'GOLD','Unknown value') AS grade, email, TO_CHAR(reg_dt,'YYYY/MM/DD HH24:MI:SS') AS regDt FROM member WHERE user_id = ?
[2025-06-25 17:02:41] [DEBUG] com.pcwk.ehr.mapper.UserMapper.doSelectOne - ==> Parameters: pcwk01(String)
[2025-06-25 17:02:41] [DEBUG] com.pcwk.ehr.mapper.UserMapper.doSelectOne - <==      Total: 1
[2025-06-25 17:02:41] [DEBUG] com.pcwk.ehr.UserDaoTest - outVO:UserDTO [userId=pcwk01, name=이상무01_U, password=4321_U, regDt=2025/06/25 17:02:41, login=999, recommend=999, grade=GOLD, email=dlqud357@gmail.com_U, toString()=DTO [no=0, totalCnt=0, pageSize=0, pageNo=0]]
[2025-06-25 17:02:41] [DEBUG] com.pcwk.ehr.mapper.UserMapper.doUpdate - ==>  Preparing: UPDATE member SET name = ?, password = ?, login = ?, recommend = ?, grade = DECODE( ? ,'BASIC',1 ,'SILVER',2 ,'GOLD',3), email = ?, reg_dt = SYSDATE WHERE user_id = ?
[2025-06-25 17:02:41] [DEBUG] com.pcwk.ehr.mapper.UserMapper.doUpdate - ==> Parameters: 이상무01_U(String), 4321_U(String), 999(Integer), 999(Integer), GOLD(String), dlqud357@gmail.com_U(String), pcwk01(String)
[2025-06-25 17:02:41] [DEBUG] com.pcwk.ehr.mapper.UserMapper.doUpdate - <==    Updates: 1
[2025-06-25 17:02:41] [DEBUG] com.pcwk.ehr.mapper.UserMapper.doSelectOne - ==>  Preparing: SELECT user_id, name, password, login, recommend, DECODE(grade,1,'BASIC', 2,'SILVER',3,'GOLD','Unknown value') AS grade, email, TO_CHAR(reg_dt,'YYYY/MM/DD HH24:MI:SS') AS regDt FROM member WHERE user_id = ?
[2025-06-25 17:02:41] [DEBUG] com.pcwk.ehr.mapper.UserMapper.doSelectOne - ==> Parameters: pcwk01(String)
[2025-06-25 17:02:41] [DEBUG] com.pcwk.ehr.mapper.UserMapper.doSelectOne - <==      Total: 1
[2025-06-25 17:02:41] [DEBUG] com.pcwk.ehr.UserDaoTest - ***************************
[2025-06-25 17:02:41] [DEBUG] com.pcwk.ehr.UserDaoTest - @After
[2025-06-25 17:02:41] [DEBUG] com.pcwk.ehr.UserDaoTest - ***************************
